rebound-android-example/build/outputs/logs/manifest-merger-debug-report.txt
-- Merging decision tree log ---
manifest
ADDED from src/main/AndroidManifest.xml:2:1-25:12
	package
		ADDED from src/main/AndroidManifest.xml:4:3-41
	android:versionName
		ADDED from src/main/AndroidManifest.xml:6:3-28
		INJECTED from src/main/AndroidManifest.xml
		INJECTED from src/main/AndroidManifest.xml
	android:versionCode
		ADDED from src/main/AndroidManifest.xml:5:3-26
		INJECTED from src/main/AndroidManifest.xml
		INJECTED from src/main/AndroidManifest.xml
	xmlns:android
		ADDED from src/main/AndroidManifest.xml:3:3-61
uses-sdk
ADDED from src/main/AndroidManifest.xml:7:3-8:41
MERGED from [Practice:rebound-android:unspecified] AndroidManifest.xml:7:5-9:41
	android:targetSdkVersion
		ADDED from src/main/AndroidManifest.xml:7:13-42
		INJECTED from src/main/AndroidManifest.xml
		INJECTED from src/main/AndroidManifest.xml
	android:minSdkVersion
		ADDED from src/main/AndroidManifest.xml:8:13-39
		INJECTED from src/main/AndroidManifest.xml
		INJECTED from src/main/AndroidManifest.xml
application
ADDED from src/main/AndroidManifest.xml:9:3-24:17
	android:label
		ADDED from src/main/AndroidManifest.xml:10:5-36
	android:hardwareAccelerated
		ADDED from src/main/AndroidManifest.xml:11:5-39
	android:allowBackup
		ADDED from src/main/AndroidManifest.xml:12:5-32
	android:icon
		ADDED from src/main/AndroidManifest.xml:13:5-42
activity#com.facebook.rebound.example.MainActivity
ADDED from src/main/AndroidManifest.xml:15:5-23:16
	android:label
		ADDED from src/main/AndroidManifest.xml:18:7-38
	android:theme
		ADDED from src/main/AndroidManifest.xml:17:7-80
	android:name
		ADDED from src/main/AndroidManifest.xml:16:7-63
intent-filter#android.intent.action.MAIN+android.intent.category.LAUNCHER
ADDED from src/main/AndroidManifest.xml:19:7-22:23
action#android.intent.action.MAIN
ADDED from src/main/AndroidManifest.xml:20:9-60
	android:name
		ADDED from src/main/AndroidManifest.xml:20:17-58
category#android.intent.category.LAUNCHER
ADDED from src/main/AndroidManifest.xml:21:9-68
	android:name
		ADDED from src/main/AndroidManifest.xml:21:19-66